2023-09-07 15:28:14,809 [ERROR] errer added~
2023-09-07 15:28:14,810 [ERROR] errer added~
2023-09-07 15:28:28,569 [ERROR] errer added~
2023-09-07 15:30:13,820 [ERROR] [김찬용] errer 404 added~
2023-09-07 15:30:15,858 [ERROR] errer added~
2023-09-07 15:30:19,099 [ERROR] errer added~
2023-09-07 15:30:21,228 [ERROR] errer added~
2023-09-07 15:30:33,132 [ERROR] errer added~
2023-09-07 15:53:23,361 [ERROR] [User: cy] test message
2023-09-07 15:53:25,977 [ERROR] [User: cy] test message
2023-09-07 15:59:35,001 [ERROR] [User: cy] test message
2023-09-07 15:59:45,582 [ERROR] [User: cy] test message
2023-09-07 16:05:23,577 [INFO] [User: admin] Successfully retrieved data.
2023-09-07 16:05:23,805 [INFO] [User: admin] Successfully retrieved data.
2023-09-07 16:17:44,364 [ERROR] [User: cy] test message
2023-09-07 16:17:53,991 [ERROR] [User: cy] test message
2023-09-15 11:46:01,523 [INFO] [User: admin] Successfully retrieved data.
2023-09-15 11:46:01,670 [INFO] [User: admin] Successfully retrieved data.
2023-09-15 11:52:52,583 [INFO] [User: admin] Successfully retrieved data.
2023-09-15 11:52:52,718 [INFO] [User: admin] Successfully retrieved data.
2023-09-15 11:52:54,327 [INFO] [User: admin] Successfully retrieved data.
2023-09-15 11:52:54,433 [INFO] [User: admin] Successfully retrieved data.
2023-09-15 12:00:35,581 [INFO] [User: admin] Successfully retrieved data.
2023-09-15 12:00:35,759 [INFO] [User: admin] Successfully retrieved data.
2023-09-15 12:01:22,793 [INFO] [User: admin] Successfully retrieved data.
2023-09-15 12:01:22,917 [INFO] [User: admin] Successfully retrieved data.
2023-09-15 12:14:39,003 [INFO] [User: admin] Successfully retrieved data.
2023-09-15 12:14:39,139 [INFO] [User: admin] Successfully retrieved data.
2023-09-15 12:15:13,346 [INFO] [User: admin] Successfully retrieved data.
2023-09-15 12:20:43,724 [INFO] [User: admin] Successfully retrieved data.
2023-09-15 12:20:43,837 [INFO] [User: admin] Successfully retrieved data.
2023-09-15 12:22:30,219 [INFO] [User: admin] Successfully retrieved data.
2023-09-15 12:22:30,331 [INFO] [User: admin] Successfully retrieved data.
2023-09-15 12:22:31,453 [INFO] [User: admin] Successfully retrieved data.
2023-09-15 12:22:31,559 [INFO] [User: admin] Successfully retrieved data.
2023-09-15 12:27:49,828 [INFO] [User: admin] Successfully retrieved data.
2023-09-15 12:27:49,946 [INFO] [User: admin] Successfully retrieved data.
2023-09-15 12:28:36,003 [INFO] [User: admin] Successfully retrieved data.
2023-09-15 12:28:36,109 [INFO] [User: admin] Successfully retrieved data.
2023-09-15 12:31:47,648 [INFO] [User: admin] Successfully retrieved data.
2023-09-15 12:31:47,768 [INFO] [User: admin] Successfully retrieved data.
2023-09-15 12:33:25,468 [INFO] [User: admin] Successfully retrieved data.
2023-09-15 12:33:25,577 [INFO] [User: admin] Successfully retrieved data.
2023-09-15 12:36:17,834 [INFO] [User: admin] Successfully retrieved data.
2023-09-15 12:39:22,428 [INFO] [User: admin] Successfully retrieved data.
2023-09-15 12:39:22,587 [INFO] [User: admin] Successfully retrieved data.
2023-09-15 12:44:21,656 [INFO] [User: admin] Successfully retrieved data.
2023-09-15 12:46:30,871 [INFO] [User: admin] Successfully retrieved data.
2023-09-15 12:46:30,993 [INFO] [User: admin] Successfully retrieved data.
2023-09-15 12:46:45,716 [INFO] [User: admin] Successfully retrieved data.
2023-09-15 12:46:45,832 [INFO] [User: admin] Successfully retrieved data.
2023-09-15 13:01:04,206 [INFO] [User: admin] Successfully retrieved data.
2023-09-15 13:01:04,311 [INFO] [User: admin] Successfully retrieved data.
2023-09-15 13:01:49,046 [INFO] [User: admin] Successfully retrieved data.
2023-09-15 13:01:49,160 [INFO] [User: admin] Successfully retrieved data.
2023-09-15 13:02:19,767 [INFO] [User: admin] Successfully retrieved data.
2023-09-15 13:02:19,909 [INFO] [User: admin] Successfully retrieved data.
2023-09-15 13:02:30,096 [INFO] [User: admin] Successfully retrieved data.
2023-09-15 13:02:30,231 [INFO] [User: admin] Successfully retrieved data.
2023-09-15 13:06:29,642 [INFO] [User: admin] Successfully retrieved data.
2023-09-15 13:06:29,779 [INFO] [User: admin] Successfully retrieved data.
2023-09-15 14:32:30,248 [INFO] [User: user_name_here] Successful operation
2023-09-15 14:32:30,386 [INFO] [User: user_name_here] Successful operation
2023-09-15 14:34:54,722 [INFO] [User: user_name_here] Successful operation
2023-09-15 14:34:54,800 [INFO] [User: user_name_here] Successful operation
2023-09-15 14:35:30,071 [INFO] [User: user_name_here] Successful operation
2023-09-15 14:35:30,221 [INFO] [User: user_name_here] Successful operation
2023-09-15 14:36:08,177 [INFO] [User: admin] Successful operation
2023-09-15 14:36:08,303 [INFO] [User: admin] Successful operation
2023-09-15 14:38:38,089 [INFO] [User: admin] Successful operation
2023-09-15 14:38:38,182 [INFO] [User: admin] Successful operation
<<<<<<< HEAD
2023-09-19 12:49:55,219 [INFO] [User: admin] Successful operation
2023-09-19 12:49:55,349 [INFO] [User: admin] Successful operation
2023-09-19 12:51:08,427 [INFO] [User: admin] Successful operation
2023-09-19 12:51:08,576 [INFO] [User: admin] Successful operation
2023-11-02 16:41:01,308 [INFO] [User: admin] Successful operation
2023-11-02 16:41:01,558 [INFO] [User: admin] Successful operation
2023-11-02 16:49:03,237 [INFO] [User: admin] Successful operation
2023-11-02 16:49:03,430 [INFO] [User: admin] Successful operation
2023-11-02 16:52:03,540 [INFO] [User: admin] Successful operation
2023-11-02 16:52:04,102 [INFO] [User: admin] Successful operation
2023-11-02 16:52:05,090 [INFO] [User: admin] Successful operation
2023-11-02 16:52:05,496 [INFO] [User: admin] Successful operation
2023-11-02 16:52:05,732 [INFO] [User: admin] Successful operation
2023-11-02 16:52:05,903 [INFO] [User: admin] Successful operation
2023-11-02 16:52:06,060 [INFO] [User: admin] Successful operation
2023-11-02 16:52:06,201 [INFO] [User: admin] Successful operation
2023-11-02 16:52:06,482 [INFO] [User: admin] Successful operation
2023-11-02 16:52:06,654 [INFO] [User: admin] Successful operation
2023-11-02 16:52:06,810 [INFO] [User: admin] Successful operation
2023-11-02 16:52:07,046 [INFO] [User: admin] Successful operation
2023-11-02 16:52:07,124 [INFO] [User: admin] Successful operation
2023-11-02 16:52:07,423 [INFO] [User: admin] Successful operation
2023-11-02 16:52:07,642 [INFO] [User: admin] Successful operation
2023-11-02 16:52:07,829 [INFO] [User: admin] Successful operation
2023-11-02 16:56:22,030 [INFO] [User: admin] Successful operation
2023-11-02 16:56:22,158 [INFO] [User: admin] Successful operation
2023-11-02 16:56:23,631 [INFO] [User: admin] Successful operation
2023-11-02 16:56:23,741 [INFO] [User: admin] Successful operation
2023-11-02 16:56:24,789 [INFO] [User: admin] Successful operation
2023-11-02 16:56:24,930 [INFO] [User: admin] Successful operation
2023-11-02 16:56:25,289 [INFO] [User: admin] Successful operation
2023-11-02 16:56:25,524 [INFO] [User: admin] Successful operation
2023-11-02 16:56:25,680 [INFO] [User: admin] Successful operation
2023-11-02 17:01:56,536 [INFO] [User: admin] Successful operation
2023-11-02 17:01:56,678 [INFO] [User: admin] Successful operation
2023-11-02 17:16:32,026 [INFO] [User: admin] Successful operation
2023-11-02 17:16:32,147 [INFO] [User: admin] Successful operation
=======
2023-09-15 12:10:21,794 [INFO] [User: admin] Successful operation
2023-09-15 12:10:21,967 [INFO] [User: admin] Successful operation
2023-09-15 12:10:34,576 [INFO] [User: admin] Successful operation
2023-09-15 12:10:34,721 [INFO] [User: admin] Successful operation
2023-09-15 12:10:39,210 [INFO] [User: admin] Successful operation
2023-09-15 12:10:39,389 [INFO] [User: admin] Successful operation
2023-09-15 12:11:11,944 [INFO] [User: admin] Successful operation
2023-09-15 12:11:12,143 [INFO] [User: admin] Successful operation
2023-09-15 12:11:18,768 [INFO] [User: admin] Successful operation
2023-09-15 12:11:18,962 [INFO] [User: admin] Successful operation
2023-09-15 12:30:06,346 [INFO] [User: admin] Successful operation
2023-09-15 12:30:06,411 [INFO] [User: admin] Successful operation
2023-09-15 12:30:07,206 [INFO] [User: admin] Successful operation
2023-09-15 12:30:07,292 [INFO] [User: admin] Successful operation
2023-09-15 12:30:12,683 [INFO] [User: admin] Successful operation
2023-09-15 12:30:12,706 [INFO] [User: admin] Successful operation
2023-09-15 12:30:12,772 [INFO] [User: admin] Successful operation
2023-09-15 12:30:12,797 [INFO] [User: admin] Successful operation
2023-09-15 12:30:12,826 [INFO] [User: admin] Successful operation
2023-09-15 12:30:12,862 [INFO] [User: admin] Successful operation
2023-09-15 12:30:12,893 [INFO] [User: admin] Successful operation
2023-09-15 12:30:12,916 [INFO] [User: admin] Successful operation
2023-09-15 12:30:12,938 [INFO] [User: admin] Successful operation
2023-09-15 12:30:12,953 [INFO] [User: admin] Successful operation
2023-09-15 12:30:12,976 [INFO] [User: admin] Successful operation
2023-09-15 12:30:12,998 [INFO] [User: admin] Successful operation
2023-09-15 12:30:13,021 [INFO] [User: admin] Successful operation
2023-09-15 12:30:13,050 [INFO] [User: admin] Successful operation
2023-09-15 12:30:13,075 [INFO] [User: admin] Successful operation
2023-09-15 12:30:13,099 [INFO] [User: admin] Successful operation
>>>>>>> bc34a7590c71dc5a18c51249ec66acc1c3dfcba7
2023-11-05 20:49:17,924 [INFO] [User: admin] Successful operation
2023-11-05 20:49:17,936 [INFO] [User: admin] Successful operation
2023-11-05 20:49:17,944 [INFO] [User: admin] Successful operation
2023-11-05 20:49:17,973 [INFO] [User: admin] Successful operation
2023-11-05 20:49:17,988 [INFO] [User: admin] Successful operation
2023-11-05 20:49:17,991 [INFO] [User: admin] Successful operation
2023-11-05 20:49:18,024 [INFO] [User: admin] Successful operation
2023-11-05 20:49:18,040 [INFO] [User: admin] Successful operation
2023-11-05 20:49:18,091 [INFO] [User: admin] Successful operation
2023-11-05 20:49:18,196 [INFO] [User: admin] Successful operation
2023-11-05 20:49:18,208 [INFO] [User: admin] Successful operation
2023-11-05 20:49:18,220 [INFO] [User: admin] Successful operation
2023-11-05 20:49:18,235 [INFO] [User: admin] Successful operation
2023-11-05 20:49:18,254 [INFO] [User: admin] Successful operation
2023-11-05 20:49:18,279 [INFO] [User: admin] Successful operation
2023-11-05 20:49:18,293 [INFO] [User: admin] Successful operation
2023-11-05 20:49:27,436 [INFO] [User: admin] Successful operation
2023-11-05 20:49:27,464 [INFO] [User: admin] Successful operation
2023-11-05 20:49:29,686 [INFO] [User: admin] Successful operation
2023-11-05 20:49:29,717 [INFO] [User: admin] Successful operation
2023-11-05 20:49:31,125 [INFO] [User: admin] Successful operation
2023-11-05 20:49:31,191 [INFO] [User: admin] Successful operation
2023-11-05 20:49:31,995 [INFO] [User: admin] Successful operation
2023-11-05 20:49:32,021 [INFO] [User: admin] Successful operation
2023-11-05 20:49:34,224 [INFO] [User: admin] Successful operation
2023-11-05 20:49:34,244 [INFO] [User: admin] Successful operation
2023-11-05 20:49:35,460 [INFO] [User: admin] Successful operation
2023-11-05 20:49:38,412 [INFO] [User: admin] Successful operation
2023-11-05 20:49:39,945 [INFO] [User: admin] Successful operation
2023-11-05 20:49:52,961 [INFO] [User: admin] Successful operation
2023-11-05 20:49:57,229 [INFO] [User: admin] Successful operation
2023-11-05 20:49:57,242 [INFO] [User: admin] Successful operation
2023-11-05 20:49:57,258 [INFO] [User: admin] Successful operation
2023-11-05 20:49:57,276 [INFO] [User: admin] Successful operation
2023-11-05 20:49:57,289 [INFO] [User: admin] Successful operation
2023-11-05 20:49:57,307 [INFO] [User: admin] Successful operation
2023-11-05 20:49:57,325 [INFO] [User: admin] Successful operation
2023-11-05 20:49:57,342 [INFO] [User: admin] Successful operation
2023-11-05 20:49:57,353 [INFO] [User: admin] Successful operation
2023-11-05 20:49:57,364 [INFO] [User: admin] Successful operation
2023-11-05 20:49:57,376 [INFO] [User: admin] Successful operation
2023-11-05 20:49:57,390 [INFO] [User: admin] Successful operation
2023-11-05 20:49:57,405 [INFO] [User: admin] Successful operation
2023-11-05 20:49:57,416 [INFO] [User: admin] Successful operation
2023-11-05 20:49:57,433 [INFO] [User: admin] Successful operation
2023-11-05 20:49:57,448 [INFO] [User: admin] Successful operation
2023-11-05 20:50:02,890 [INFO] [User: admin] Successful operation
2023-11-05 20:50:02,946 [INFO] [User: admin] Successful operation
2023-11-05 20:50:02,962 [INFO] [User: admin] Successful operation
2023-11-05 20:50:02,981 [INFO] [User: admin] Successful operation
2023-11-05 20:50:04,574 [INFO] [User: admin] Successful operation
2023-11-05 20:50:22,147 [INFO] [User: admin] Successful operation
2023-11-05 20:50:29,259 [INFO] [User: admin] Successful operation
2023-11-05 20:50:30,926 [INFO] [User: admin] Successful operation
2023-11-05 20:50:37,625 [INFO] [User: admin] Successful operation
2023-11-05 20:50:39,961 [INFO] [User: admin] Successful operation
2023-11-05 20:51:09,232 [INFO] [User: admin] Successful operation
2023-11-05 20:51:09,258 [INFO] [User: admin] Successful operation
2023-11-05 20:51:10,948 [INFO] [User: admin] Successful operation
2023-11-05 20:51:23,036 [INFO] [User: admin] Successful operation
2023-11-05 20:51:23,399 [INFO] [User: admin] Successful operation
2023-11-05 20:51:23,413 [INFO] [User: admin] Successful operation
2023-11-05 20:51:23,427 [INFO] [User: admin] Successful operation
2023-11-05 20:51:23,443 [INFO] [User: admin] Successful operation
2023-11-05 20:51:23,460 [INFO] [User: admin] Successful operation
2023-11-05 20:51:23,476 [INFO] [User: admin] Successful operation
2023-11-05 20:51:23,490 [INFO] [User: admin] Successful operation
2023-11-05 20:51:23,507 [INFO] [User: admin] Successful operation
2023-11-05 20:51:23,525 [INFO] [User: admin] Successful operation
2023-11-05 20:51:23,536 [INFO] [User: admin] Successful operation
2023-11-05 20:51:23,551 [INFO] [User: admin] Successful operation
2023-11-05 20:51:23,565 [INFO] [User: admin] Successful operation
2023-11-05 20:51:23,579 [INFO] [User: admin] Successful operation
2023-11-05 20:51:23,593 [INFO] [User: admin] Successful operation
2023-11-05 20:51:23,609 [INFO] [User: admin] Successful operation
2023-11-05 20:51:23,621 [INFO] [User: admin] Successful operation
2023-11-05 20:51:29,191 [INFO] [User: admin] Successful operation
2023-11-05 20:51:29,225 [INFO] [User: admin] Successful operation
2023-11-05 20:51:29,241 [INFO] [User: admin] Successful operation
2023-11-05 20:51:29,256 [INFO] [User: admin] Successful operation
2023-11-05 20:51:30,594 [INFO] [User: admin] Successful operation
2023-11-05 20:52:02,275 [INFO] [User: admin] Successful operation
2023-11-05 20:52:02,305 [INFO] [User: admin] Successful operation
2023-11-05 20:54:30,710 [INFO] [User: admin] Successful operation
2023-11-05 20:54:30,737 [INFO] [User: admin] Successful operation
2023-11-05 20:54:31,455 [INFO] [User: admin] Successful operation
2023-11-05 20:55:20,926 [INFO] [User: admin] Successful operation
2023-11-05 20:55:20,965 [INFO] [User: admin] Successful operation
2023-11-05 20:55:55,594 [INFO] [User: admin] Successful operation
2023-11-05 20:55:55,608 [INFO] [User: admin] Successful operation
2023-11-05 20:55:55,620 [INFO] [User: admin] Successful operation
2023-11-05 20:55:55,640 [INFO] [User: admin] Successful operation
2023-11-05 20:55:55,652 [INFO] [User: admin] Successful operation
2023-11-05 20:55:55,672 [INFO] [User: admin] Successful operation
2023-11-05 20:55:55,693 [INFO] [User: admin] Successful operation
2023-11-05 20:55:55,706 [INFO] [User: admin] Successful operation
2023-11-05 20:55:55,765 [INFO] [User: admin] Successful operation
2023-11-05 20:55:55,781 [INFO] [User: admin] Successful operation
2023-11-05 20:55:55,797 [INFO] [User: admin] Successful operation
2023-11-05 20:55:55,812 [INFO] [User: admin] Successful operation
2023-11-05 20:55:55,827 [INFO] [User: admin] Successful operation
2023-11-05 20:55:55,845 [INFO] [User: admin] Successful operation
2023-11-05 20:55:55,859 [INFO] [User: admin] Successful operation
2023-11-05 20:55:55,888 [INFO] [User: admin] Successful operation
2023-11-05 20:55:58,298 [INFO] [User: admin] Successful operation
2023-11-05 20:55:58,329 [INFO] [User: admin] Successful operation
2023-11-05 20:55:59,813 [INFO] [User: admin] Successful operation
2023-11-05 20:55:59,837 [INFO] [User: admin] Successful operation
2023-11-05 20:56:07,422 [INFO] [User: admin] Successful operation
2023-11-05 20:56:13,320 [INFO] [User: admin] Successful operation
2023-11-05 20:56:13,347 [INFO] [User: admin] Successful operation
2023-11-05 20:56:13,991 [INFO] [User: admin] Successful operation
2023-11-06 00:06:25,946 [INFO] [User: admin] Successful operation
2023-11-06 00:06:25,946 [INFO] [User: admin] Successful operation
2023-11-06 00:06:25,977 [INFO] [User: admin] Successful operation
2023-11-06 00:06:25,989 [INFO] [User: admin] Successful operation
2023-11-06 00:06:25,994 [INFO] [User: admin] Successful operation
2023-11-06 00:06:26,009 [INFO] [User: admin] Successful operation
2023-11-06 00:06:26,038 [INFO] [User: admin] Successful operation
2023-11-06 00:06:26,082 [INFO] [User: admin] Successful operation
2023-11-06 00:06:26,097 [INFO] [User: admin] Successful operation
2023-11-06 00:06:26,107 [INFO] [User: admin] Successful operation
2023-11-06 00:06:26,111 [INFO] [User: admin] Successful operation
2023-11-06 00:06:26,127 [INFO] [User: admin] Successful operation
2023-11-06 00:06:26,147 [INFO] [User: admin] Successful operation
2023-11-06 00:06:26,170 [INFO] [User: admin] Successful operation
2023-11-06 00:06:26,194 [INFO] [User: admin] Successful operation
2023-11-06 00:06:26,211 [INFO] [User: admin] Successful operation
2023-11-06 00:06:36,911 [INFO] [User: admin] Successful operation
2023-11-06 00:06:36,947 [INFO] [User: admin] Successful operation
2023-11-06 00:06:38,901 [INFO] [User: admin] Successful operation
2023-11-09 18:18:48,839 [INFO] [User: admin] Successful operation
2023-11-09 18:18:48,875 [INFO] [User: admin] Successful operation
2023-11-09 18:18:48,952 [INFO] [User: admin] Successful operation
2023-11-09 18:18:48,993 [INFO] [User: admin] Successful operation
2023-11-09 18:18:49,124 [INFO] [User: admin] Successful operation
2023-11-09 18:18:49,290 [INFO] [User: admin] Successful operation
2023-11-09 18:18:49,723 [INFO] [User: admin] Successful operation
2023-11-09 18:18:49,822 [INFO] [User: admin] Successful operation
2023-11-09 18:18:49,923 [INFO] [User: admin] Successful operation
2023-11-09 18:18:50,006 [INFO] [User: admin] Successful operation
2023-11-09 18:18:50,123 [INFO] [User: admin] Successful operation
2023-11-09 18:18:50,273 [INFO] [User: admin] Successful operation
2023-11-09 18:18:50,323 [INFO] [User: admin] Successful operation
2023-11-09 18:18:50,438 [INFO] [User: admin] Successful operation
2023-11-09 18:18:50,573 [INFO] [User: admin] Successful operation
2023-11-09 18:18:51,506 [INFO] [User: admin] Successful operation
2023-11-09 18:19:01,148 [INFO] [User: admin] Successful operation
2023-11-09 18:19:01,282 [INFO] [User: admin] Successful operation
2023-11-09 18:19:02,124 [INFO] [User: admin] Successful operation
2023-11-09 18:32:26,823 [INFO] [User: admin] Successful operation
2023-11-09 18:32:26,859 [INFO] [User: admin] Successful operation
2023-11-09 18:32:26,897 [INFO] [User: admin] Successful operation
2023-11-09 18:32:26,937 [INFO] [User: admin] Successful operation
2023-11-09 18:32:26,961 [INFO] [User: admin] Successful operation
2023-11-09 18:32:27,021 [INFO] [User: admin] Successful operation
2023-11-09 18:32:27,037 [INFO] [User: admin] Successful operation
2023-11-09 18:32:27,091 [INFO] [User: admin] Successful operation
2023-11-09 18:32:27,121 [INFO] [User: admin] Successful operation
2023-11-09 18:32:27,137 [INFO] [User: admin] Successful operation
2023-11-09 18:32:27,196 [INFO] [User: admin] Successful operation
2023-11-09 18:32:27,237 [INFO] [User: admin] Successful operation
2023-11-09 18:32:27,254 [INFO] [User: admin] Successful operation
2023-11-09 18:32:27,337 [INFO] [User: admin] Successful operation
2023-11-09 18:32:27,401 [INFO] [User: admin] Successful operation
2023-11-09 18:32:27,551 [INFO] [User: admin] Successful operation
2023-11-09 18:32:27,635 [INFO] [User: admin] Successful operation
2023-11-09 18:32:27,702 [INFO] [User: admin] Successful operation
2023-11-09 18:32:42,518 [INFO] [User: admin] Successful operation
2023-11-09 18:32:42,596 [INFO] [User: admin] Successful operation
2023-11-09 18:32:50,759 [INFO] [User: admin] Successful operation
2023-11-09 18:36:59,056 [INFO] [User: admin] Successful operation
2023-11-09 18:36:59,199 [INFO] [User: admin] Successful operation
2023-11-09 18:37:07,380 [INFO] [User: admin] Successful operation
2023-11-09 18:37:07,402 [INFO] [User: admin] Successful operation
2023-11-09 18:37:07,455 [INFO] [User: admin] Successful operation
2023-11-09 18:37:07,499 [INFO] [User: admin] Successful operation
2023-11-09 18:37:07,530 [INFO] [User: admin] Successful operation
2023-11-09 18:37:07,577 [INFO] [User: admin] Successful operation
2023-11-09 18:37:07,634 [INFO] [User: admin] Successful operation
2023-11-09 18:37:07,667 [INFO] [User: admin] Successful operation
2023-11-09 18:37:07,728 [INFO] [User: admin] Successful operation
2023-11-09 18:37:07,762 [INFO] [User: admin] Successful operation
2023-11-09 18:37:07,810 [INFO] [User: admin] Successful operation
2023-11-09 18:37:07,900 [INFO] [User: admin] Successful operation
2023-11-09 18:37:07,949 [INFO] [User: admin] Successful operation
2023-11-09 18:37:08,100 [INFO] [User: admin] Successful operation
2023-11-09 18:37:08,166 [INFO] [User: admin] Successful operation
2023-11-09 18:37:08,233 [INFO] [User: admin] Successful operation
2023-11-09 18:37:10,486 [INFO] [User: admin] Successful operation
2023-11-09 18:37:10,582 [INFO] [User: admin] Successful operation
2023-11-09 18:37:13,801 [INFO] [User: admin] Successful operation
2023-11-09 18:37:22,103 [INFO] [User: admin] Successful operation
2023-11-09 18:37:27,934 [INFO] [User: admin] Successful operation
2023-11-09 18:38:09,550 [INFO] [User: admin] Successful operation
2023-11-09 18:38:09,853 [INFO] [User: admin] Successful operation
2023-11-09 18:38:14,359 [INFO] [User: admin] Successful operation
2023-11-09 18:38:16,610 [INFO] [User: admin] Successful operation
2023-11-09 18:38:26,139 [INFO] [User: admin] Successful operation
2023-11-09 18:47:59,318 [INFO] [User: admin] Successful operation
2023-11-09 18:47:59,510 [INFO] [User: admin] Successful operation
2023-11-09 18:48:01,077 [INFO] [User: admin] Successful operation
2023-11-09 18:48:01,365 [INFO] [User: admin] Successful operation
2023-11-09 18:48:01,447 [INFO] [User: admin] Successful operation
2023-11-09 18:48:01,497 [INFO] [User: admin] Successful operation
2023-11-09 18:48:01,579 [INFO] [User: admin] Successful operation
2023-11-09 18:48:01,664 [INFO] [User: admin] Successful operation
2023-11-09 18:48:01,748 [INFO] [User: admin] Successful operation
2023-11-09 18:48:01,778 [INFO] [User: admin] Successful operation
2023-11-09 18:48:01,802 [INFO] [User: admin] Successful operation
2023-11-09 18:48:01,904 [INFO] [User: admin] Successful operation
2023-11-09 18:48:01,940 [INFO] [User: admin] Successful operation
2023-11-09 18:48:02,095 [INFO] [User: admin] Successful operation
2023-11-09 18:48:02,245 [INFO] [User: admin] Successful operation
2023-11-09 18:48:02,335 [INFO] [User: admin] Successful operation
2023-11-12 13:28:24,737 [INFO] [User: admin] Successful operation
2023-11-12 13:28:24,754 [INFO] [User: admin] Successful operation
2023-11-12 13:28:24,772 [INFO] [User: admin] Successful operation
2023-11-12 13:28:24,798 [INFO] [User: admin] Successful operation
2023-11-12 13:28:24,811 [INFO] [User: admin] Successful operation
2023-11-12 13:28:24,826 [INFO] [User: admin] Successful operation
2023-11-12 13:28:24,854 [INFO] [User: admin] Successful operation
2023-11-12 13:28:24,867 [INFO] [User: admin] Successful operation
2023-11-12 13:28:25,025 [INFO] [User: admin] Successful operation
2023-11-12 13:28:25,037 [INFO] [User: admin] Successful operation
2023-11-12 13:28:25,054 [INFO] [User: admin] Successful operation
2023-11-12 13:28:25,067 [INFO] [User: admin] Successful operation
2023-11-12 13:28:25,073 [INFO] [User: admin] Successful operation
2023-11-12 13:28:25,087 [INFO] [User: admin] Successful operation
2023-11-12 13:28:25,111 [INFO] [User: admin] Successful operation
2023-11-12 13:28:25,126 [INFO] [User: admin] Successful operation
2023-11-12 13:30:52,148 [INFO] [User: admin] Successful operation
2023-11-12 13:30:52,171 [INFO] [User: admin] Successful operation
2023-11-12 13:30:54,953 [INFO] [User: admin] Successful operation
2023-11-12 13:30:58,304 [INFO] [User: admin] Successful operation
2023-11-12 13:31:06,939 [INFO] [User: admin] Successful operation
2023-11-12 13:31:10,570 [INFO] [User: admin] Successful operation
2023-11-12 13:31:10,632 [INFO] [User: admin] Successful operation
2023-11-12 13:34:09,236 [INFO] [User: admin] Successful operation
2023-11-12 13:34:09,252 [INFO] [User: admin] Successful operation
2023-11-12 13:34:09,267 [INFO] [User: admin] Successful operation
2023-11-12 13:34:09,283 [INFO] [User: admin] Successful operation
2023-11-12 13:34:09,299 [INFO] [User: admin] Successful operation
2023-11-12 13:34:09,314 [INFO] [User: admin] Successful operation
2023-11-12 13:34:09,330 [INFO] [User: admin] Successful operation
2023-11-12 13:34:09,345 [INFO] [User: admin] Successful operation
2023-11-12 13:34:09,361 [INFO] [User: admin] Successful operation
2023-11-12 13:34:09,377 [INFO] [User: admin] Successful operation
2023-11-12 13:34:09,392 [INFO] [User: admin] Successful operation
2023-11-12 13:34:09,392 [INFO] [User: admin] Successful operation
2023-11-12 13:34:09,408 [INFO] [User: admin] Successful operation
2023-11-12 13:34:09,424 [INFO] [User: admin] Successful operation
2023-11-12 13:34:09,424 [INFO] [User: admin] Successful operation
2023-11-12 13:34:09,439 [INFO] [User: admin] Successful operation
2023-11-12 13:34:12,524 [INFO] [User: admin] Successful operation
2023-11-12 13:34:12,552 [INFO] [User: admin] Successful operation
2023-11-12 13:34:12,570 [INFO] [User: admin] Successful operation
2023-11-12 13:34:12,608 [INFO] [User: admin] Successful operation
2023-11-12 13:34:15,995 [INFO] [User: admin] Successful operation
2023-11-12 13:34:17,588 [INFO] [User: admin] Successful operation
2023-11-12 16:56:18,172 [INFO] [User: admin] Successful operation
2023-11-12 16:56:24,366 [INFO] [User: admin] Successful operation
2023-11-12 16:56:24,379 [INFO] [User: admin] Successful operation
2023-11-12 16:56:24,496 [INFO] [User: admin] Successful operation
2023-11-12 16:56:24,514 [INFO] [User: admin] Successful operation
2023-11-12 16:56:24,545 [INFO] [User: admin] Successful operation
2023-11-12 16:56:24,557 [INFO] [User: admin] Successful operation
2023-11-12 16:56:24,572 [INFO] [User: admin] Successful operation
2023-11-12 16:56:25,066 [INFO] [User: admin] Successful operation
2023-11-12 16:56:25,084 [INFO] [User: admin] Successful operation
2023-11-12 16:56:25,096 [INFO] [User: admin] Successful operation
2023-11-12 16:56:25,114 [INFO] [User: admin] Successful operation
2023-11-12 16:56:25,126 [INFO] [User: admin] Successful operation
2023-11-12 16:56:25,138 [INFO] [User: admin] Successful operation
2023-11-12 16:56:25,207 [INFO] [User: admin] Successful operation
2023-11-12 16:56:25,353 [INFO] [User: admin] Successful operation
2023-11-12 16:56:25,392 [INFO] [User: admin] Successful operation
2023-11-12 16:56:25,407 [INFO] [User: admin] Successful operation
2023-11-12 16:56:25,419 [INFO] [User: admin] Successful operation
2023-11-12 16:56:25,460 [INFO] [User: admin] Successful operation
2023-11-12 16:56:25,512 [INFO] [User: admin] Successful operation
2023-11-12 16:56:25,528 [INFO] [User: admin] Successful operation
2023-11-12 16:56:25,689 [INFO] [User: admin] Successful operation
2023-11-12 16:56:25,702 [INFO] [User: admin] Successful operation
2023-11-12 16:56:25,713 [INFO] [User: admin] Successful operation
2023-11-12 16:56:25,728 [INFO] [User: admin] Successful operation
2023-11-12 16:56:25,776 [INFO] [User: admin] Successful operation
2023-11-12 16:56:25,802 [INFO] [User: admin] Successful operation
2023-11-12 16:56:25,815 [INFO] [User: admin] Successful operation
2023-11-12 16:56:25,827 [INFO] [User: admin] Successful operation
2023-11-12 16:56:25,874 [INFO] [User: admin] Successful operation
2023-11-12 16:56:25,912 [INFO] [User: admin] Successful operation
2023-11-12 16:56:26,079 [INFO] [User: admin] Successful operation
2023-11-12 16:56:26,090 [INFO] [User: admin] Successful operation
2023-11-12 16:56:26,101 [INFO] [User: admin] Successful operation
2023-11-12 16:56:26,141 [INFO] [User: admin] Successful operation
2023-11-12 16:56:26,285 [INFO] [User: admin] Successful operation
2023-11-12 16:56:26,323 [INFO] [User: admin] Successful operation
2023-11-12 16:56:26,340 [INFO] [User: admin] Successful operation
2023-11-12 16:56:26,352 [INFO] [User: admin] Successful operation
2023-11-12 16:56:26,363 [INFO] [User: admin] Successful operation
2023-11-12 16:56:26,377 [INFO] [User: admin] Successful operation
2023-11-12 16:56:26,502 [INFO] [User: admin] Successful operation
2023-11-12 16:56:26,513 [INFO] [User: admin] Successful operation
2023-11-12 16:56:26,648 [INFO] [User: admin] Successful operation
2023-11-12 16:56:26,659 [INFO] [User: admin] Successful operation
2023-11-12 16:56:27,160 [INFO] [User: admin] Successful operation
2023-11-12 16:56:27,182 [INFO] [User: admin] Successful operation
2023-11-12 16:56:27,197 [INFO] [User: admin] Successful operation
2023-11-12 16:56:27,233 [INFO] [User: admin] Successful operation
2023-11-12 16:56:27,275 [INFO] [User: admin] Successful operation
2023-11-12 16:56:27,372 [INFO] [User: admin] Successful operation
2023-11-12 16:56:27,387 [INFO] [User: admin] Successful operation
2023-11-12 16:56:27,403 [INFO] [User: admin] Successful operation
2023-11-12 16:56:27,441 [INFO] [User: admin] Successful operation
2023-11-12 16:56:27,480 [INFO] [User: admin] Successful operation
2023-11-12 16:56:27,578 [INFO] [User: admin] Successful operation
2023-11-12 16:56:27,589 [INFO] [User: admin] Successful operation
2023-11-12 16:56:27,601 [INFO] [User: admin] Successful operation
2023-11-12 16:56:27,615 [INFO] [User: admin] Successful operation
2023-11-12 16:56:27,629 [INFO] [User: admin] Successful operation
2023-11-12 16:57:19,105 [INFO] [User: admin] Successful operation
2023-11-12 16:57:19,212 [INFO] [User: admin] Successful operation
2023-11-12 16:57:19,225 [INFO] [User: admin] Successful operation
2023-11-12 16:57:19,757 [INFO] [User: admin] Successful operation
2023-11-12 16:57:19,770 [INFO] [User: admin] Successful operation
2023-11-12 16:57:19,791 [INFO] [User: admin] Successful operation
2023-11-12 16:57:19,804 [INFO] [User: admin] Successful operation
2023-11-12 16:57:19,817 [INFO] [User: admin] Successful operation
2023-11-12 16:57:19,829 [INFO] [User: admin] Successful operation
2023-11-12 16:57:19,846 [INFO] [User: admin] Successful operation
2023-11-12 16:57:19,858 [INFO] [User: admin] Successful operation
2023-11-12 16:57:19,882 [INFO] [User: admin] Successful operation
2023-11-12 16:57:19,895 [INFO] [User: admin] Successful operation
2023-11-12 16:57:19,907 [INFO] [User: admin] Successful operation
2023-11-12 16:57:19,917 [INFO] [User: admin] Successful operation
2023-11-12 16:57:23,948 [INFO] [User: admin] Successful operation
2023-11-12 16:57:23,963 [INFO] [User: admin] Successful operation
2023-11-12 16:57:24,004 [INFO] [User: admin] Successful operation
2023-11-12 16:57:24,045 [INFO] [User: admin] Successful operation
2023-11-12 16:57:24,189 [INFO] [User: admin] Successful operation
2023-11-12 16:57:24,204 [INFO] [User: admin] Successful operation
2023-11-12 16:57:24,217 [INFO] [User: admin] Successful operation
2023-11-12 16:57:24,280 [INFO] [User: admin] Successful operation
2023-11-12 16:57:24,328 [INFO] [User: admin] Successful operation
2023-11-12 16:57:24,469 [INFO] [User: admin] Successful operation
2023-11-12 16:57:24,492 [INFO] [User: admin] Successful operation
2023-11-12 16:57:24,508 [INFO] [User: admin] Successful operation
2023-11-12 16:57:24,521 [INFO] [User: admin] Successful operation
2023-11-12 16:57:24,534 [INFO] [User: admin] Successful operation
2023-11-12 16:57:24,546 [INFO] [User: admin] Successful operation
2023-11-12 16:57:24,558 [INFO] [User: admin] Successful operation
2023-11-12 16:57:24,572 [INFO] [User: admin] Successful operation
2023-11-12 16:57:24,587 [INFO] [User: admin] Successful operation
2023-11-12 16:57:24,600 [INFO] [User: admin] Successful operation
2023-11-12 16:57:24,613 [INFO] [User: admin] Successful operation
2023-11-12 16:57:24,625 [INFO] [User: admin] Successful operation
2023-11-12 16:57:24,637 [INFO] [User: admin] Successful operation
2023-11-12 16:57:24,653 [INFO] [User: admin] Successful operation
2023-11-12 16:57:24,668 [INFO] [User: admin] Successful operation
2023-11-12 16:57:24,684 [INFO] [User: admin] Successful operation
2023-11-12 16:57:24,697 [INFO] [User: admin] Successful operation
2023-11-12 16:57:24,709 [INFO] [User: admin] Successful operation
2023-11-12 16:57:24,721 [INFO] [User: admin] Successful operation
2023-11-12 16:57:24,737 [INFO] [User: admin] Successful operation
2023-11-12 16:57:24,750 [INFO] [User: admin] Successful operation
2023-11-12 16:57:25,890 [INFO] [User: admin] Successful operation
2023-11-12 16:57:25,916 [INFO] [User: admin] Successful operation
2023-11-12 16:57:25,993 [INFO] [User: admin] Successful operation
2023-11-12 16:57:26,059 [INFO] [User: admin] Successful operation
2023-11-12 16:57:26,210 [INFO] [User: admin] Successful operation
2023-11-12 16:57:27,019 [INFO] [User: admin] Successful operation
2023-11-12 16:57:27,063 [INFO] [User: admin] Successful operation
2023-11-12 16:57:28,825 [INFO] [User: admin] Successful operation
2023-11-12 16:57:28,854 [INFO] [User: admin] Successful operation
2023-11-12 16:57:28,871 [INFO] [User: admin] Successful operation
2023-11-12 16:57:28,887 [INFO] [User: admin] Successful operation
2023-11-12 16:57:30,831 [INFO] [User: admin] Successful operation
2023-11-12 16:58:57,367 [INFO] [User: admin] Successful operation
2023-11-12 16:58:57,379 [INFO] [User: admin] Successful operation
2023-11-12 16:58:57,409 [INFO] [User: admin] Successful operation
2023-11-12 16:58:57,440 [INFO] [User: admin] Successful operation
2023-11-12 16:58:57,474 [INFO] [User: admin] Successful operation
2023-11-12 16:58:57,493 [INFO] [User: admin] Successful operation
2023-11-12 16:58:57,510 [INFO] [User: admin] Successful operation
2023-11-12 16:58:58,264 [INFO] [User: admin] Successful operation
2023-11-12 16:59:00,409 [INFO] [User: admin] Successful operation
2023-11-12 17:03:37,540 [INFO] [User: admin] Successful operation
2023-11-12 17:03:37,576 [INFO] [User: admin] Successful operation
2023-11-12 17:03:38,307 [INFO] [User: admin] Successful operation
2023-11-12 17:03:45,150 [INFO] [User: admin] Successful operation
2023-11-12 17:03:50,980 [INFO] [User: admin] Successful operation
2023-11-12 17:03:51,022 [INFO] [User: admin] Successful operation
2023-11-12 17:07:35,898 [INFO] [User: admin] Successful operation
2023-11-12 17:07:35,908 [INFO] [User: admin] Successful operation
2023-11-12 17:07:35,925 [INFO] [User: admin] Successful operation
2023-11-12 17:07:35,939 [INFO] [User: admin] Successful operation
2023-11-12 17:07:35,953 [INFO] [User: admin] Successful operation
2023-11-12 17:07:35,966 [INFO] [User: admin] Successful operation
2023-11-12 17:07:35,987 [INFO] [User: admin] Successful operation
2023-11-12 17:07:36,000 [INFO] [User: admin] Successful operation
2023-11-12 17:07:36,017 [INFO] [User: admin] Successful operation
2023-11-12 17:07:36,029 [INFO] [User: admin] Successful operation
2023-11-12 17:07:36,039 [INFO] [User: admin] Successful operation
2023-11-12 17:07:36,054 [INFO] [User: admin] Successful operation
2023-11-12 17:07:36,070 [INFO] [User: admin] Successful operation
2023-11-12 17:07:36,084 [INFO] [User: admin] Successful operation
2023-11-12 17:07:36,105 [INFO] [User: admin] Successful operation
2023-11-12 17:07:36,118 [INFO] [User: admin] Successful operation
2023-11-12 17:07:36,186 [ERROR] [User: None] object JSONResponse can't be used in 'await' expression
2023-11-12 17:07:36,211 [ERROR] [User: None] object JSONResponse can't be used in 'await' expression
2023-11-12 17:07:36,235 [INFO] [User: admin] Successful operation
2023-11-12 17:07:36,261 [INFO] [User: admin] Successful operation
2023-11-12 17:07:40,242 [INFO] [User: admin] Successful operation
2023-11-12 17:07:49,234 [INFO] [User: admin] Successful operation
2023-11-12 17:07:52,539 [ERROR] [User: None] object JSONResponse can't be used in 'await' expression
2023-11-12 17:07:52,577 [ERROR] [User: None] object dict can't be used in 'await' expression
2023-11-12 17:07:52,605 [ERROR] [User: None] object JSONResponse can't be used in 'await' expression
2023-11-12 17:07:52,619 [ERROR] [User: None] object dict can't be used in 'await' expression
2023-11-12 17:07:52,642 [INFO] [User: admin] Successful operation
2023-11-12 17:07:52,674 [INFO] [User: admin] Successful operation
